Determining if the pthread_create exist failed with the following output:
Change Dir: /home/phobos/unf_rmc_2017/om_ws/build/CMakeFiles/CMakeTmp

Run Build Command:"/usr/bin/make" "cmTC_fab87/fast"
/usr/bin/make -f CMakeFiles/cmTC_fab87.dir/build.make CMakeFiles/cmTC_fab87.dir/build
make[1]: Entering directory '/home/phobos/unf_rmc_2017/om_ws/build/CMakeFiles/CMakeTmp'
Building C object CMakeFiles/cmTC_fab87.dir/CheckSymbolExists.c.o
/usr/bin/cc     -o CMakeFiles/cmTC_fab87.dir/CheckSymbolExists.c.o   -c /home/phobos/unf_rmc_2017/om_ws/build/CMakeFiles/CMakeTmp/CheckSymbolExists.c
Linking C executable cmTC_fab87
/usr/bin/cmake -E cmake_link_script CMakeFiles/cmTC_fab87.dir/link.txt --verbose=1
/usr/bin/cc       CMakeFiles/cmTC_fab87.dir/CheckSymbolExists.c.o  -o cmTC_fab87 -rdynamic 
CMakeFiles/cmTC_fab87.dir/CheckSymbolExists.c.o: In function `main':
CheckSymbolExists.c:(.text+0xe): undefined reference to `pthread_create'
CheckSymbolExists.c:(.text+0x12): undefined reference to `pthread_create'
collect2: error: ld returned 1 exit status
CMakeFiles/cmTC_fab87.dir/build.make:97: recipe for target 'cmTC_fab87' failed
make[1]: *** [cmTC_fab87] Error 1
make[1]: Leaving directory '/home/phobos/unf_rmc_2017/om_ws/build/CMakeFiles/CMakeTmp'
Makefile:126: recipe for target 'cmTC_fab87/fast' failed
make: *** [cmTC_fab87/fast] Error 2

File /home/phobos/unf_rmc_2017/om_ws/build/CMakeFiles/CMakeTmp/CheckSymbolExists.c:
/* */
#include <pthread.h>

int main(int argc, char** argv)
{
  (void)argv;
#ifndef pthread_create
  return ((int*)(&pthread_create))[argc];
#else
  (void)argc;
  return 0;
#endif
}

Determining if the function pthread_create exists in the pthreads failed with the following output:
Change Dir: /home/phobos/unf_rmc_2017/om_ws/build/CMakeFiles/CMakeTmp

Run Build Command:"/usr/bin/make" "cmTC_c57d9/fast"
/usr/bin/make -f CMakeFiles/cmTC_c57d9.dir/build.make CMakeFiles/cmTC_c57d9.dir/build
make[1]: Entering directory '/home/phobos/unf_rmc_2017/om_ws/build/CMakeFiles/CMakeTmp'
Building C object CMakeFiles/cmTC_c57d9.dir/CheckFunctionExists.c.o
/usr/bin/cc    -DCHECK_FUNCTION_EXISTS=pthread_create   -o CMakeFiles/cmTC_c57d9.dir/CheckFunctionExists.c.o   -c /usr/share/cmake-3.5/Modules/CheckFunctionExists.c
Linking C executable cmTC_c57d9
/usr/bin/cmake -E cmake_link_script CMakeFiles/cmTC_c57d9.dir/link.txt --verbose=1
/usr/bin/cc   -DCHECK_FUNCTION_EXISTS=pthread_create    CMakeFiles/cmTC_c57d9.dir/CheckFunctionExists.c.o  -o cmTC_c57d9 -rdynamic -lpthreads 
/usr/bin/ld: cannot find -lpthreads
collect2: error: ld returned 1 exit status
CMakeFiles/cmTC_c57d9.dir/build.make:97: recipe for target 'cmTC_c57d9' failed
make[1]: *** [cmTC_c57d9] Error 1
make[1]: Leaving directory '/home/phobos/unf_rmc_2017/om_ws/build/CMakeFiles/CMakeTmp'
Makefile:126: recipe for target 'cmTC_c57d9/fast' failed
make: *** [cmTC_c57d9/fast] Error 2


